# JRE version: OpenJDK Runtime Environment Temurin-25.0.1+8 (25.0.1+8) (build 25.0.1+8-LTS)
# Java VM: OpenJDK 64-Bit Server VM Temurin-25.0.1+8 (25.0.1+8-LTS, mixed mode, sharing, tiered, compressed oops, compressed class ptrs, g1 gc, windows-amd64)
GC Precious Log:
 CardTable entry size: 512
 Card Set container configuration: InlinePtr #cards 4 size 8 Array Of Cards #cards 32 size 80 Howl #buckets 8 coarsen threshold 7372 Howl Bitmap #cards 1024 size 144 coarsen threshold 921 Card regions per heap region 1 cards per card region 8192
 CPUs: 24 total, 24 available
 Memory: 32189M
 Large Page Support: Disabled
 NUMA Support: Disabled
 Compressed Oops: Enabled (Zero based)
 Heap Region Size: 4M
 Heap Min Capacity: 8M
 Heap Initial Capacity: 504M
 Heap Max Capacity: 8048M
 Pre-touch: Disabled
 Parallel Workers: 18
 Concurrent Workers: 5
 Concurrent Refinement Workers: 18
 Periodic GC: Disabled
Heap:
 garbage-first heap   total reserved 8241152K, committed 126976K, used 110452K [0x0000000609000000, 0x0000000800000000)
  region size 4096K, 12 young (49152K), 2 survivors (8192K)
GC Heap Usage History (20 events):
Event: 6484.514 {heap After GC invocations=41 (full 2):
 garbage-first heap   total reserved 8241152K, committed 114688K, used 47832K [0x0000000609000000, 0x0000000800000000)
  region size 4096K, 0 young (0K), 0 survivors (0K)
}
Event: 6485.454 {heap Before GC invocations=41 (full 2):
 garbage-first heap   total reserved 8241152K, committed 114688K, used 96984K [0x0000000609000000, 0x0000000800000000)
  region size 4096K, 13 young (53248K), 0 survivors (0K)
}
Event: 6485.458 {heap After GC invocations=42 (full 2):
 garbage-first heap   total reserved 8241152K, committed 114688K, used 55826K [0x0000000609000000, 0x0000000800000000)
  region size 4096K, 2 young (8192K), 2 survivors (8192K)
}
Event: 6485.987 {heap Before GC invocations=43 (full 2):
 garbage-first heap   total reserved 8241152K, committed 114688K, used 100882K [0x0000000609000000, 0x0000000800000000)
  region size 4096K, 13 young (53248K), 2 survivors (8192K)
}
Event: 6485.992 {heap After GC invocations=44 (full 2):
 garbage-first heap   total reserved 8241152K, committed 118784K, used 58707K [0x0000000609000000, 0x0000000800000000)
  region size 4096K, 1 young (4096K), 1 survivors (4096K)
}
Event: 6486.423 {heap Before GC invocations=44 (full 2):
 garbage-first heap   total reserved 8241152K, committed 118784K, used 103763K [0x0000000609000000, 0x0000000800000000)
  region size 4096K, 12 young (49152K), 1 survivors (4096K)
}
Event: 6486.427 {heap After GC invocations=45 (full 2):
 garbage-first heap   total reserved 8241152K, committed 122880K, used 61425K [0x0000000609000000, 0x0000000800000000)
  region size 4096K, 2 young (8192K), 2 survivors (8192K)
}
Event: 6486.596 {heap Before GC invocations=45 (full 2):
 garbage-first heap   total reserved 8241152K, committed 122880K, used 106481K [0x0000000609000000, 0x0000000800000000)
  region size 4096K, 13 young (53248K), 2 survivors (8192K)
}
Event: 6486.599 {heap After GC invocations=46 (full 2):
 garbage-first heap   total reserved 8241152K, committed 122880K, used 62961K [0x0000000609000000, 0x0000000800000000)
  region size 4096K, 1 young (4096K), 1 survivors (4096K)
}
Event: 6488.077 {heap Before GC invocations=47 (full 2):
 garbage-first heap   total reserved 8241152K, committed 122880K, used 67057K [0x0000000609000000, 0x0000000800000000)
  region size 4096K, 3 young (12288K), 1 survivors (4096K)
}
Event: 6488.226 {heap After GC invocations=48 (full 3):
 garbage-first heap   total reserved 8241152K, committed 122880K, used 55194K [0x0000000609000000, 0x0000000800000000)
  region size 4096K, 0 young (0K), 0 survivors (0K)
}
Event: 6488.972 {heap Before GC invocations=48 (full 3):
 garbage-first heap   total reserved 8241152K, committed 122880K, used 104346K [0x0000000609000000, 0x0000000800000000)
  region size 4096K, 13 young (53248K), 0 survivors (0K)
}
Event: 6488.977 {heap After GC invocations=49 (full 3):
 garbage-first heap   total reserved 8241152K, committed 122880K, used 63386K [0x0000000609000000, 0x0000000800000000)
  region size 4096K, 2 young (8192K), 2 survivors (8192K)
}
Event: 6489.633 {heap Before GC invocations=50 (full 3):
 garbage-first heap   total reserved 8241152K, committed 122880K, used 104346K [0x0000000609000000, 0x0000000800000000)
  region size 4096K, 12 young (49152K), 2 survivors (8192K)
}
Event: 6489.640 {heap After GC invocations=51 (full 3):
 garbage-first heap   total reserved 8241152K, committed 122880K, used 66102K [0x0000000609000000, 0x0000000800000000)
  region size 4096K, 1 young (4096K), 1 survivors (4096K)
}
Event: 6490.085 {heap Before GC invocations=51 (full 3):
 garbage-first heap   total reserved 8241152K, committed 122880K, used 107062K [0x0000000609000000, 0x0000000800000000)
  region size 4096K, 11 young (45056K), 1 survivors (4096K)
}
Event: 6490.089 {heap After GC invocations=52 (full 3):
 garbage-first heap   total reserved 8241152K, committed 126976K, used 68625K [0x0000000609000000, 0x0000000800000000)
  region size 4096K, 2 young (8192K), 2 survivors (8192K)
}
Event: 6490.256 {heap Before GC invocations=52 (full 3):
 garbage-first heap   total reserved 8241152K, committed 126976K, used 105489K [0x0000000609000000, 0x0000000800000000)
  region size 4096K, 11 young (45056K), 2 survivors (8192K)
}
Event: 6490.260 {heap After GC invocations=53 (full 3):
 garbage-first heap   total reserved 8241152K, committed 126976K, used 69492K [0x0000000609000000, 0x0000000800000000)
  region size 4096K, 1 young (4096K), 1 survivors (4096K)
}
Event: 6564.740 {heap Before GC invocations=54 (full 3):
 garbage-first heap   total reserved 8241152K, committed 126976K, used 110452K [0x0000000609000000, 0x0000000800000000)
  region size 4096K, 11 young (45056K), 1 survivors (4096K)
}

